<?xml version="1.0" encoding="UTF-8"?>
<!-- Generated by org.testng.reporters.JUnitXMLReporter -->
<testsuite hostname="DESKTOP-1J0QRU3" ignored="4" name="onlyRunGroupB" tests="2" failures="0" timestamp="28 十一月 2018 07:49:20 GMT" time="0.101" errors="0">
  <testcase name="method1" time="0.022" classname="com.interface_autotest.autotest.groups.GroupOnClass3"/>
  <testcase name="method2" time="0.002" classname="com.interface_autotest.autotest.groups.GroupOnClass3"/>
  <testcase name="method2" time="0.0" classname="com.interface_autotest.autotest.groups.GroupOnClass1">
    <ignored/>
  </testcase> <!-- method2 -->
  <testcase name="method1" time="0.0" classname="com.interface_autotest.autotest.groups.GroupOnClass2">
    <ignored/>
  </testcase> <!-- method1 -->
  <testcase name="method1" time="0.0" classname="com.interface_autotest.autotest.groups.GroupOnClass1">
    <ignored/>
  </testcase> <!-- method1 -->
  <testcase name="method2" time="0.0" classname="com.interface_autotest.autotest.groups.GroupOnClass2">
    <ignored/>
  </testcase> <!-- method2 -->
</testsuite> <!-- onlyRunGroupB -->
