<?xml version="1.0" encoding="UTF-8"?>
<!-- Generated by org.testng.reporters.JUnitXMLReporter -->
<testsuite hostname="JN64CJ6N1XA3LMR" ignored="0" name="Default test" tests="3" failures="0" timestamp="23 四月 2019 06:38:17 GMT" time="0.65" errors="0">
  <testcase name="test" time="0.004" classname="com.demo.test.testDataProvider"/>
  <testcase name="test" time="0.001" classname="com.demo.test.testDataProvider"/>
  <testcase name="test" time="0.002" classname="com.demo.test.testDataProvider"/>
</testsuite> <!-- Default test -->
