<?xml version="1.0" encoding="UTF-8"?>
<testng-results skipped="0" failed="0" ignored="0" total="3" passed="3">
  <reporter-output>
  </reporter-output>
  <suite name="Default suite" duration-ms="650" started-at="2019-04-23T06:38:16Z" finished-at="2019-04-23T06:38:17Z">
    <groups>
    </groups>
    <test name="Default test" duration-ms="650" started-at="2019-04-23T06:38:16Z" finished-at="2019-04-23T06:38:17Z">
      <class name="com.demo.test.testDataProvider">
        <test-method status="PASS" signature="beforetest()[pri:0, instance:com.demo.test.testDataProvider@7c16905e]" name="beforetest" is-config="true" duration-ms="583" started-at="2019-04-23T14:38:16Z" finished-at="2019-04-23T14:38:17Z">
          <reporter-output>
          </reporter-output>
        </test-method> <!-- beforetest -->
        <test-method status="PASS" signature="test(java.lang.String, java.lang.String)[pri:0, instance:com.demo.test.testDataProvider@7c16905e]" name="test" duration-ms="4" started-at="2019-04-23T14:38:17Z" data-provider="testData" finished-at="2019-04-23T14:38:17Z">
          <params>
            <param index="0">
              <value>
                <![CDATA[admin]]>
              </value>
            </param>
            <param index="1">
              <value>
                <![CDATA[123456]]>
              </value>
            </param>
          </params>
          <reporter-output>
          </reporter-output>
        </test-method> <!-- test -->
        <test-method status="PASS" signature="test(java.lang.String, java.lang.String)[pri:0, instance:com.demo.test.testDataProvider@7c16905e]" name="test" duration-ms="1" started-at="2019-04-23T14:38:17Z" data-provider="testData" finished-at="2019-04-23T14:38:17Z">
          <params>
            <param index="0">
              <value>
                <![CDATA[蔡徐坤]]>
              </value>
            </param>
            <param index="1">
              <value>
                <![CDATA[lisi666]]>
              </value>
            </param>
          </params>
          <reporter-output>
          </reporter-output>
        </test-method> <!-- test -->
        <test-method status="PASS" signature="test(java.lang.String, java.lang.String)[pri:0, instance:com.demo.test.testDataProvider@7c16905e]" name="test" duration-ms="2" started-at="2019-04-23T14:38:17Z" data-provider="testData" finished-at="2019-04-23T14:38:17Z">
          <params>
            <param index="0">
              <value>
                <![CDATA[张三]]>
              </value>
            </param>
            <param index="1">
              <value>
                <![CDATA[abcd1234]]>
              </value>
            </param>
          </params>
          <reporter-output>
          </reporter-output>
        </test-method> <!-- test -->
      </class> <!-- com.demo.test.testDataProvider -->
    </test> <!-- Default test -->
  </suite> <!-- Default suite -->
</testng-results>
