<?xml version="1.0" encoding="UTF-8"?>
<testng-results skipped="0" failed="0" ignored="4" total="6" passed="2">
  <reporter-output>
  </reporter-output>
  <suite name="suitename" duration-ms="101" started-at="2018-11-28T07:49:20Z" finished-at="2018-11-28T07:49:20Z">
    <groups>
      <group name="Group B">
        <method signature="GroupOnClass3.method1()[pri:0, instance:com.interface_autotest.autotest.groups.GroupOnClass3@6d00a15d]" name="method1" class="com.interface_autotest.autotest.groups.GroupOnClass3"/>
        <method signature="GroupOnClass3.method2()[pri:0, instance:com.interface_autotest.autotest.groups.GroupOnClass3@6d00a15d]" name="method2" class="com.interface_autotest.autotest.groups.GroupOnClass3"/>
      </group> <!-- Group B -->
    </groups>
    <test name="onlyRunGroupB" duration-ms="101" started-at="2018-11-28T07:49:20Z" finished-at="2018-11-28T07:49:20Z">
      <class name="com.interface_autotest.autotest.groups.GroupOnClass3">
        <test-method status="PASS" signature="method1()[pri:0, instance:com.interface_autotest.autotest.groups.GroupOnClass3@6d00a15d]" name="method1" duration-ms="22" started-at="2018-11-28T07:49:20Z" finished-at="2018-11-28T07:49:20Z">
          <reporter-output>
          </reporter-output>
        </test-method> <!-- method1 -->
        <test-method status="PASS" signature="method2()[pri:0, instance:com.interface_autotest.autotest.groups.GroupOnClass3@6d00a15d]" name="method2" duration-ms="2" started-at="2018-11-28T07:49:20Z" finished-at="2018-11-28T07:49:20Z">
          <reporter-output>
          </reporter-output>
        </test-method> <!-- method2 -->
      </class> <!-- com.interface_autotest.autotest.groups.GroupOnClass3 -->
    </test> <!-- onlyRunGroupB -->
  </suite> <!-- suitename -->
</testng-results>
