<?xml version="1.0" encoding="UTF-8"?>
<testng-results skipped="0" failed="2" ignored="0" total="7" passed="5">
  <reporter-output>
  </reporter-output>
  <suite name="用户管理系统测试套件" duration-ms="14423" started-at="2019-04-22T09:09:48Z" finished-at="2019-04-22T09:10:02Z">
    <groups>
      <group name="loginTrue">
        <method signature="LoginTest.loginTrue()[pri:0, instance:com.course.cases.LoginTest@29ee9faa]" name="loginTrue" class="com.course.cases.LoginTest"/>
      </group> <!-- loginTrue -->
      <group name="loginFalse">
        <method signature="LoginTest.loginFalse()[pri:0, instance:com.course.cases.LoginTest@29ee9faa]" name="loginFalse" class="com.course.cases.LoginTest"/>
      </group> <!-- loginFalse -->
    </groups>
    <test name="用户管理系统测试用例" duration-ms="14423" started-at="2019-04-22T09:09:48Z" finished-at="2019-04-22T09:10:02Z">
      <class name="com.course.cases.UpdateUserInfoTest">
        <test-method status="PASS" signature="updateUserInfo()[pri:0, instance:com.course.cases.UpdateUserInfoTest@8bd1b6a]" name="updateUserInfo" duration-ms="11832" depends-on-groups="loginTrue" started-at="2019-04-22T17:09:50Z" description="更改用户信息" finished-at="2019-04-22T17:10:02Z">
          <reporter-output>
          </reporter-output>
        </test-method> <!-- updateUserInfo -->
        <test-method status="PASS" signature="deleteUser()[pri:0, instance:com.course.cases.UpdateUserInfoTest@8bd1b6a]" name="deleteUser" duration-ms="11985" depends-on-groups="loginTrue" started-at="2019-04-22T17:09:50Z" description="删除用户信息" finished-at="2019-04-22T17:10:02Z">
          <reporter-output>
          </reporter-output>
        </test-method> <!-- deleteUser -->
      </class> <!-- com.course.cases.UpdateUserInfoTest -->
      <class name="com.course.cases.GetUserInfoTest">
        <test-method status="PASS" signature="getUserInfo()[pri:0, instance:com.course.cases.GetUserInfoTest@55f3ddb1]" name="getUserInfo" duration-ms="1399" depends-on-groups="loginTrue" started-at="2019-04-22T17:09:50Z" description="获取userId为1的用户信息" finished-at="2019-04-22T17:09:51Z">
          <reporter-output>
          </reporter-output>
        </test-method> <!-- getUserInfo -->
      </class> <!-- com.course.cases.GetUserInfoTest -->
      <class name="com.course.cases.LoginTest">
        <test-method status="PASS" signature="beforeTest()[pri:0, instance:com.course.cases.LoginTest@29ee9faa]" name="beforeTest" is-config="true" duration-ms="46" started-at="2019-04-22T17:09:48Z" description="测试准备工作，获取HttpClient对象" finished-at="2019-04-22T17:09:48Z">
          <reporter-output>
          </reporter-output>
        </test-method> <!-- beforeTest -->
        <test-method status="PASS" signature="loginTrue()[pri:0, instance:com.course.cases.LoginTest@29ee9faa]" name="loginTrue" duration-ms="2365" started-at="2019-04-22T17:09:48Z" description="用户登陆成功接口测试" finished-at="2019-04-22T17:09:50Z">
          <reporter-output>
          </reporter-output>
        </test-method> <!-- loginTrue -->
        <test-method status="FAIL" signature="loginFalse()[pri:0, instance:com.course.cases.LoginTest@29ee9faa]" name="loginFalse" duration-ms="2087" started-at="2019-04-22T17:09:48Z" description="用户登陆失败接口测试" finished-at="2019-04-22T17:09:50Z">
          <exception class="java.lang.IllegalStateException">
            <message>
              <![CDATA[Invalid use of SingleClientConnManager: connection still allocated.
Make sure to release the connection before allocating another one.]]>
            </message>
            <full-stacktrace>
              <![CDATA[java.lang.IllegalStateException: Invalid use of SingleClientConnManager: connection still allocated.
Make sure to release the connection before allocating another one.
	at org.apache.http.impl.conn.SingleClientConnManager.getConnection(SingleClientConnManager.java:216)
	at org.apache.http.impl.conn.SingleClientConnManager$1.getConnection(SingleClientConnManager.java:190)
	at org.apache.http.impl.client.DefaultRequestDirector.execute(DefaultRequestDirector.java:401)
	at org.apache.http.impl.client.AbstractHttpClient.execute(AbstractHttpClient.java:820)
	at org.apache.http.impl.client.AbstractHttpClient.execute(AbstractHttpClient.java:754)
	at org.apache.http.impl.client.AbstractHttpClient.execute(AbstractHttpClient.java:732)
	at com.course.cases.LoginTest.getResult(LoginTest.java:74)
	at com.course.cases.LoginTest.loginFalse(LoginTest.java:55)
	at sun.reflect.NativeMethodAccessorImpl.invoke0(Native Method)
	at sun.reflect.NativeMethodAccessorImpl.invoke(Unknown Source)
	at sun.reflect.DelegatingMethodAccessorImpl.invoke(Unknown Source)
	at java.lang.reflect.Method.invoke(Unknown Source)
	at org.testng.internal.MethodInvocationHelper.invokeMethod(MethodInvocationHelper.java:104)
	at org.testng.internal.Invoker.invokeMethod(Invoker.java:645)
	at org.testng.internal.Invoker.invokeTestMethod(Invoker.java:851)
	at org.testng.internal.Invoker.invokeTestMethods(Invoker.java:1177)
	at org.testng.internal.TestMethodWorker.invokeTestMethods(TestMethodWorker.java:129)
	at org.testng.internal.TestMethodWorker.run(TestMethodWorker.java:112)
	at java.util.concurrent.ThreadPoolExecutor.runWorker(Unknown Source)
	at java.util.concurrent.ThreadPoolExecutor$Worker.run(Unknown Source)
	at java.lang.Thread.run(Unknown Source)
]]>
            </full-stacktrace>
          </exception> <!-- java.lang.IllegalStateException -->
          <reporter-output>
          </reporter-output>
        </test-method> <!-- loginFalse -->
      </class> <!-- com.course.cases.LoginTest -->
      <class name="com.course.cases.AddUserTest">
        <test-method status="FAIL" signature="addUser()[pri:0, instance:com.course.cases.AddUserTest@c038203]" name="addUser" duration-ms="1231" depends-on-groups="loginTrue" started-at="2019-04-22T17:09:50Z" description="添加用户接口测试" finished-at="2019-04-22T17:09:51Z">
          <exception class="java.lang.IllegalStateException">
            <message>
              <![CDATA[Invalid use of SingleClientConnManager: connection still allocated.
Make sure to release the connection before allocating another one.]]>
            </message>
            <full-stacktrace>
              <![CDATA[java.lang.IllegalStateException: Invalid use of SingleClientConnManager: connection still allocated.
Make sure to release the connection before allocating another one.
	at org.apache.http.impl.conn.SingleClientConnManager.getConnection(SingleClientConnManager.java:216)
	at org.apache.http.impl.conn.SingleClientConnManager$1.getConnection(SingleClientConnManager.java:190)
	at org.apache.http.impl.client.DefaultRequestDirector.execute(DefaultRequestDirector.java:401)
	at org.apache.http.impl.client.AbstractHttpClient.execute(AbstractHttpClient.java:820)
	at org.apache.http.impl.client.AbstractHttpClient.execute(AbstractHttpClient.java:754)
	at org.apache.http.impl.client.AbstractHttpClient.execute(AbstractHttpClient.java:732)
	at com.course.cases.AddUserTest.getResult(AddUserTest.java:62)
	at com.course.cases.AddUserTest.addUser(AddUserTest.java:31)
	at sun.reflect.NativeMethodAccessorImpl.invoke0(Native Method)
	at sun.reflect.NativeMethodAccessorImpl.invoke(Unknown Source)
	at sun.reflect.DelegatingMethodAccessorImpl.invoke(Unknown Source)
	at java.lang.reflect.Method.invoke(Unknown Source)
	at org.testng.internal.MethodInvocationHelper.invokeMethod(MethodInvocationHelper.java:104)
	at org.testng.internal.Invoker.invokeMethod(Invoker.java:645)
	at org.testng.internal.Invoker.invokeTestMethod(Invoker.java:851)
	at org.testng.internal.Invoker.invokeTestMethods(Invoker.java:1177)
	at org.testng.internal.TestMethodWorker.invokeTestMethods(TestMethodWorker.java:129)
	at org.testng.internal.TestMethodWorker.run(TestMethodWorker.java:112)
	at java.util.concurrent.ThreadPoolExecutor.runWorker(Unknown Source)
	at java.util.concurrent.ThreadPoolExecutor$Worker.run(Unknown Source)
	at java.lang.Thread.run(Unknown Source)
]]>
            </full-stacktrace>
          </exception> <!-- java.lang.IllegalStateException -->
          <reporter-output>
          </reporter-output>
        </test-method> <!-- addUser -->
      </class> <!-- com.course.cases.AddUserTest -->
      <class name="com.course.cases.GetUserInfoListTest">
        <test-method status="PASS" signature="getUserListInfo()[pri:0, instance:com.course.cases.GetUserInfoListTest@18be83e4]" name="getUserListInfo" duration-ms="2410" depends-on-groups="loginTrue" started-at="2019-04-22T17:09:51Z" description="筛选性别为男的用户信息" finished-at="2019-04-22T17:09:54Z">
          <reporter-output>
          </reporter-output>
        </test-method> <!-- getUserListInfo -->
      </class> <!-- com.course.cases.GetUserInfoListTest -->
    </test> <!-- 用户管理系统测试用例 -->
  </suite> <!-- 用户管理系统测试套件 -->
</testng-results>
