<?xml version="1.0" encoding="UTF-8"?>
<testng-results skipped="0" failed="0" ignored="0" total="7" passed="7">
  <reporter-output>
  </reporter-output>
  <suite name="用户管理系统测试套件" duration-ms="40606" started-at="2019-04-21T12:47:23Z" finished-at="2019-04-21T12:48:03Z">
    <groups>
      <group name="loginTrue">
        <method signature="LoginTest.loginTrue()[pri:0, instance:com.course.cases.LoginTest@20e2cbe0]" name="loginTrue" class="com.course.cases.LoginTest"/>
      </group> <!-- loginTrue -->
      <group name="loginFalse">
        <method signature="LoginTest.loginFalse()[pri:0, instance:com.course.cases.LoginTest@20e2cbe0]" name="loginFalse" class="com.course.cases.LoginTest"/>
      </group> <!-- loginFalse -->
    </groups>
    <test name="用户管理系统测试用例" duration-ms="40606" started-at="2019-04-21T12:47:23Z" finished-at="2019-04-21T12:48:03Z">
      <class name="com.course.cases.UpdateUserInfoTest">
        <test-method status="PASS" signature="updateUserInfo()[pri:0, instance:com.course.cases.UpdateUserInfoTest@51565ec2]" name="updateUserInfo" duration-ms="11230" depends-on-groups="loginTrue" started-at="2019-04-21T20:47:39Z" description="更改用户信息" finished-at="2019-04-21T20:47:51Z">
          <reporter-output>
          </reporter-output>
        </test-method> <!-- updateUserInfo -->
        <test-method status="PASS" signature="deleteUser()[pri:0, instance:com.course.cases.UpdateUserInfoTest@51565ec2]" name="deleteUser" duration-ms="11240" depends-on-groups="loginTrue" started-at="2019-04-21T20:47:51Z" description="删除用户信息" finished-at="2019-04-21T20:48:02Z">
          <reporter-output>
          </reporter-output>
        </test-method> <!-- deleteUser -->
      </class> <!-- com.course.cases.UpdateUserInfoTest -->
      <class name="com.course.cases.LoginTest">
        <test-method status="PASS" signature="beforeTest()[pri:0, instance:com.course.cases.LoginTest@20e2cbe0]" name="beforeTest" is-config="true" duration-ms="35" started-at="2019-04-21T20:47:23Z" description="测试准备工作，获取HttpClient对象" finished-at="2019-04-21T20:47:23Z">
          <reporter-output>
          </reporter-output>
        </test-method> <!-- beforeTest -->
        <test-method status="PASS" signature="loginTrue()[pri:0, instance:com.course.cases.LoginTest@20e2cbe0]" name="loginTrue" duration-ms="8474" started-at="2019-04-21T20:47:23Z" description="用户登陆成功接口测试" finished-at="2019-04-21T20:47:31Z">
          <reporter-output>
          </reporter-output>
        </test-method> <!-- loginTrue -->
        <test-method status="PASS" signature="loginFalse()[pri:0, instance:com.course.cases.LoginTest@20e2cbe0]" name="loginFalse" duration-ms="1031" started-at="2019-04-21T20:47:31Z" description="用户登陆失败接口测试" finished-at="2019-04-21T20:47:32Z">
          <reporter-output>
          </reporter-output>
        </test-method> <!-- loginFalse -->
      </class> <!-- com.course.cases.LoginTest -->
      <class name="com.course.cases.GetUserInfoTest">
        <test-method status="PASS" signature="getUserInfo()[pri:0, instance:com.course.cases.GetUserInfoTest@675d3402]" name="getUserInfo" duration-ms="1244" depends-on-groups="loginTrue" started-at="2019-04-21T20:47:38Z" description="获取userId为1的用户信息" finished-at="2019-04-21T20:47:39Z">
          <reporter-output>
          </reporter-output>
        </test-method> <!-- getUserInfo -->
      </class> <!-- com.course.cases.GetUserInfoTest -->
      <class name="com.course.cases.AddUserTest">
        <test-method status="PASS" signature="addUser()[pri:0, instance:com.course.cases.AddUserTest@68be2bc2]" name="addUser" duration-ms="6144" depends-on-groups="loginTrue" started-at="2019-04-21T20:47:32Z" description="添加用户接口测试" finished-at="2019-04-21T20:47:38Z">
          <reporter-output>
          </reporter-output>
        </test-method> <!-- addUser -->
      </class> <!-- com.course.cases.AddUserTest -->
      <class name="com.course.cases.GetUserInfoListTest">
        <test-method status="PASS" signature="getUserListInfo()[pri:0, instance:com.course.cases.GetUserInfoListTest@482f8f11]" name="getUserListInfo" duration-ms="1174" depends-on-groups="loginTrue" started-at="2019-04-21T20:48:02Z" description="筛选性别为男的用户信息" finished-at="2019-04-21T20:48:03Z">
          <reporter-output>
          </reporter-output>
        </test-method> <!-- getUserListInfo -->
      </class> <!-- com.course.cases.GetUserInfoListTest -->
    </test> <!-- 用户管理系统测试用例 -->
  </suite> <!-- 用户管理系统测试套件 -->
</testng-results>
