<?xml version="1.0" encoding="UTF-8"?>
<!-- Generated by org.testng.reporters.JUnitXMLReporter -->
<testsuite hostname="DESKTOP-1J0QRU3" ignored="0" name="runAll" tests="6" failures="0" timestamp="27 十一月 2018 08:56:26 GMT" time="0.083" errors="0">
  <testcase name="method1" time="0.011" classname="com.interface_autotest.autotest.groups.GroupOnClass1"/>
  <testcase name="method2" time="0.002" classname="com.interface_autotest.autotest.groups.GroupOnClass1"/>
  <testcase name="method1" time="0.002" classname="com.interface_autotest.autotest.groups.GroupOnClass2"/>
  <testcase name="method2" time="0.004" classname="com.interface_autotest.autotest.groups.GroupOnClass2"/>
  <testcase name="method1" time="0.002" classname="com.interface_autotest.autotest.groups.GroupOnClass3"/>
  <testcase name="method2" time="0.001" classname="com.interface_autotest.autotest.groups.GroupOnClass3"/>
</testsuite> <!-- runAll -->
