<?xml version="1.0" encoding="UTF-8"?>
<testng-results skipped="0" failed="0" ignored="1" total="6" passed="5">
  <reporter-output>
  </reporter-output>
  <suite name="Default suite" duration-ms="96" started-at="2018-11-23T08:12:28Z" finished-at="2018-11-23T08:12:28Z">
    <groups>
      <group name="group2">
        <method signature="BasicAnnotation.testCase5()[pri:0, instance:com.interface_autotest.autotest.BasicAnnotation@2a5ca609]" name="testCase5" class="com.interface_autotest.autotest.BasicAnnotation"/>
        <method signature="BasicAnnotation.testCase6()[pri:0, instance:com.interface_autotest.autotest.BasicAnnotation@2a5ca609]" name="testCase6" class="com.interface_autotest.autotest.BasicAnnotation"/>
      </group> <!-- group2 -->
      <group name="group1">
        <method signature="BasicAnnotation.testCase3()[pri:0, instance:com.interface_autotest.autotest.BasicAnnotation@2a5ca609]" name="testCase3" class="com.interface_autotest.autotest.BasicAnnotation"/>
        <method signature="BasicAnnotation.testCase4()[pri:0, instance:com.interface_autotest.autotest.BasicAnnotation@2a5ca609]" name="testCase4" class="com.interface_autotest.autotest.BasicAnnotation"/>
      </group> <!-- group1 -->
    </groups>
    <test name="Default test" duration-ms="96" started-at="2018-11-23T08:12:28Z" finished-at="2018-11-23T08:12:28Z">
      <class name="com.interface_autotest.autotest.BasicAnnotation">
        <test-method status="PASS" signature="BeforeSuite()[pri:0, instance:com.interface_autotest.autotest.BasicAnnotation@2a5ca609]" name="BeforeSuite" is-config="true" duration-ms="19" started-at="2018-11-23T08:12:28Z" finished-at="2018-11-23T08:12:28Z">
          <reporter-output>
          </reporter-output>
        </test-method> <!-- BeforeSuite -->
        <test-method status="PASS" signature="BeforeClass()[pri:0, instance:com.interface_autotest.autotest.BasicAnnotation@2a5ca609]" name="BeforeClass" is-config="true" duration-ms="1" started-at="2018-11-23T08:12:28Z" finished-at="2018-11-23T08:12:28Z">
          <reporter-output>
          </reporter-output>
        </test-method> <!-- BeforeClass -->
        <test-method status="PASS" signature="testCase2()[pri:0, instance:com.interface_autotest.autotest.BasicAnnotation@2a5ca609]" name="testCase2" duration-ms="7" started-at="2018-11-23T08:12:28Z" finished-at="2018-11-23T08:12:28Z">
          <reporter-output>
          </reporter-output>
        </test-method> <!-- testCase2 -->
        <test-method status="PASS" signature="BeforeMethod()[pri:0, instance:com.interface_autotest.autotest.BasicAnnotation@2a5ca609]" name="BeforeMethod" is-config="true" duration-ms="0" started-at="2018-11-23T08:12:28Z" finished-at="2018-11-23T08:12:28Z">
          <reporter-output>
          </reporter-output>
        </test-method> <!-- BeforeMethod -->
        <test-method status="PASS" signature="AfterMethod()[pri:0, instance:com.interface_autotest.autotest.BasicAnnotation@2a5ca609]" name="AfterMethod" is-config="true" duration-ms="1" started-at="2018-11-23T08:12:28Z" finished-at="2018-11-23T08:12:28Z">
          <reporter-output>
          </reporter-output>
        </test-method> <!-- AfterMethod -->
        <test-method status="PASS" signature="BeforeGroup1()[pri:0, instance:com.interface_autotest.autotest.BasicAnnotation@2a5ca609]" name="BeforeGroup1" is-config="true" duration-ms="0" started-at="2018-11-23T08:12:28Z" finished-at="2018-11-23T08:12:28Z">
          <reporter-output>
          </reporter-output>
        </test-method> <!-- BeforeGroup1 -->
        <test-method status="PASS" signature="BeforeMethod()[pri:0, instance:com.interface_autotest.autotest.BasicAnnotation@2a5ca609]" name="BeforeMethod" is-config="true" duration-ms="0" started-at="2018-11-23T08:12:28Z" finished-at="2018-11-23T08:12:28Z">
          <reporter-output>
          </reporter-output>
        </test-method> <!-- BeforeMethod -->
        <test-method status="PASS" signature="testCase3()[pri:0, instance:com.interface_autotest.autotest.BasicAnnotation@2a5ca609]" name="testCase3" duration-ms="4" started-at="2018-11-23T08:12:28Z" finished-at="2018-11-23T08:12:28Z">
          <reporter-output>
          </reporter-output>
        </test-method> <!-- testCase3 -->
        <test-method status="PASS" signature="AfterMethod()[pri:0, instance:com.interface_autotest.autotest.BasicAnnotation@2a5ca609]" name="AfterMethod" is-config="true" duration-ms="0" started-at="2018-11-23T08:12:28Z" finished-at="2018-11-23T08:12:28Z">
          <reporter-output>
          </reporter-output>
        </test-method> <!-- AfterMethod -->
        <test-method status="PASS" signature="testCase4()[pri:0, instance:com.interface_autotest.autotest.BasicAnnotation@2a5ca609]" name="testCase4" duration-ms="2" started-at="2018-11-23T08:12:28Z" finished-at="2018-11-23T08:12:28Z">
          <reporter-output>
          </reporter-output>
        </test-method> <!-- testCase4 -->
        <test-method status="PASS" signature="BeforeMethod()[pri:0, instance:com.interface_autotest.autotest.BasicAnnotation@2a5ca609]" name="BeforeMethod" is-config="true" duration-ms="0" started-at="2018-11-23T08:12:28Z" finished-at="2018-11-23T08:12:28Z">
          <reporter-output>
          </reporter-output>
        </test-method> <!-- BeforeMethod -->
        <test-method status="PASS" signature="AfterMethod()[pri:0, instance:com.interface_autotest.autotest.BasicAnnotation@2a5ca609]" name="AfterMethod" is-config="true" duration-ms="1" started-at="2018-11-23T08:12:28Z" finished-at="2018-11-23T08:12:28Z">
          <reporter-output>
          </reporter-output>
        </test-method> <!-- AfterMethod -->
        <test-method status="PASS" signature="AfterGroup1()[pri:0, instance:com.interface_autotest.autotest.BasicAnnotation@2a5ca609]" name="AfterGroup1" is-config="true" duration-ms="0" started-at="2018-11-23T08:12:28Z" finished-at="2018-11-23T08:12:28Z">
          <reporter-output>
          </reporter-output>
        </test-method> <!-- AfterGroup1 -->
        <test-method status="PASS" signature="BeforeGroup2()[pri:0, instance:com.interface_autotest.autotest.BasicAnnotation@2a5ca609]" name="BeforeGroup2" is-config="true" duration-ms="1" started-at="2018-11-23T08:12:28Z" finished-at="2018-11-23T08:12:28Z">
          <reporter-output>
          </reporter-output>
        </test-method> <!-- BeforeGroup2 -->
        <test-method status="PASS" signature="testCase5()[pri:0, instance:com.interface_autotest.autotest.BasicAnnotation@2a5ca609]" name="testCase5" duration-ms="2" started-at="2018-11-23T08:12:28Z" finished-at="2018-11-23T08:12:28Z">
          <reporter-output>
          </reporter-output>
        </test-method> <!-- testCase5 -->
        <test-method status="PASS" signature="BeforeMethod()[pri:0, instance:com.interface_autotest.autotest.BasicAnnotation@2a5ca609]" name="BeforeMethod" is-config="true" duration-ms="0" started-at="2018-11-23T08:12:28Z" finished-at="2018-11-23T08:12:28Z">
          <reporter-output>
          </reporter-output>
        </test-method> <!-- BeforeMethod -->
        <test-method status="PASS" signature="AfterMethod()[pri:0, instance:com.interface_autotest.autotest.BasicAnnotation@2a5ca609]" name="AfterMethod" is-config="true" duration-ms="0" started-at="2018-11-23T08:12:28Z" finished-at="2018-11-23T08:12:28Z">
          <reporter-output>
          </reporter-output>
        </test-method> <!-- AfterMethod -->
        <test-method status="PASS" signature="BeforeMethod()[pri:0, instance:com.interface_autotest.autotest.BasicAnnotation@2a5ca609]" name="BeforeMethod" is-config="true" duration-ms="1" started-at="2018-11-23T08:12:28Z" finished-at="2018-11-23T08:12:28Z">
          <reporter-output>
          </reporter-output>
        </test-method> <!-- BeforeMethod -->
        <test-method status="PASS" signature="testCase6()[pri:0, instance:com.interface_autotest.autotest.BasicAnnotation@2a5ca609]" name="testCase6" duration-ms="4" started-at="2018-11-23T08:12:28Z" finished-at="2018-11-23T08:12:28Z">
          <reporter-output>
          </reporter-output>
        </test-method> <!-- testCase6 -->
        <test-method status="PASS" signature="AfterMethod()[pri:0, instance:com.interface_autotest.autotest.BasicAnnotation@2a5ca609]" name="AfterMethod" is-config="true" duration-ms="1" started-at="2018-11-23T08:12:28Z" finished-at="2018-11-23T08:12:28Z">
          <reporter-output>
          </reporter-output>
        </test-method> <!-- AfterMethod -->
        <test-method status="PASS" signature="AfterClass()[pri:0, instance:com.interface_autotest.autotest.BasicAnnotation@2a5ca609]" name="AfterClass" is-config="true" duration-ms="1" started-at="2018-11-23T08:12:28Z" finished-at="2018-11-23T08:12:28Z">
          <reporter-output>
          </reporter-output>
        </test-method> <!-- AfterClass -->
        <test-method status="PASS" signature="AfterSuite()[pri:0, instance:com.interface_autotest.autotest.BasicAnnotation@2a5ca609]" name="AfterSuite" is-config="true" duration-ms="0" started-at="2018-11-23T08:12:28Z" finished-at="2018-11-23T08:12:28Z">
          <reporter-output>
          </reporter-output>
        </test-method> <!-- AfterSuite -->
      </class> <!-- com.interface_autotest.autotest.BasicAnnotation -->
    </test> <!-- Default test -->
  </suite> <!-- Default suite -->
</testng-results>
