<?xml version="1.0" encoding="UTF-8"?>
<testng-results skipped="0" failed="0" ignored="0" total="1" passed="1">
  <reporter-output>
  </reporter-output>
  <suite name="paramSuite" duration-ms="74" started-at="2018-11-27T09:13:01Z" finished-at="2018-11-27T09:13:01Z">
    <groups>
    </groups>
    <test name="param" duration-ms="74" started-at="2018-11-27T09:13:01Z" finished-at="2018-11-27T09:13:01Z">
      <class name="com.interface_autotest.autotest.parameter.ParameterTest">
        <test-method status="PASS" signature="paramTest1(java.lang.String, int)[pri:0, instance:com.interface_autotest.autotest.parameter.ParameterTest@396a51ab]" name="paramTest1" duration-ms="17" started-at="2018-11-27T09:13:01Z" finished-at="2018-11-27T09:13:01Z">
          <params>
            <param index="0">
              <value>
                <![CDATA[zhangsan]]>
              </value>
            </param>
            <param index="1">
              <value>
                <![CDATA[18]]>
              </value>
            </param>
          </params>
          <reporter-output>
          </reporter-output>
        </test-method> <!-- paramTest1 -->
      </class> <!-- com.interface_autotest.autotest.parameter.ParameterTest -->
    </test> <!-- param -->
  </suite> <!-- paramSuite -->
</testng-results>
