<?xml version="1.0" encoding="UTF-8"?>
<!-- Generated by org.testng.reporters.JUnitXMLReporter -->
<testsuite hostname="JN64CJ6N1XA3LMR" ignored="0" name="用户管理系统测试用例" tests="7" failures="2" timestamp="22 四月 2019 09:10:02 GMT" time="14.423" errors="0">
  <testcase name="loginFalse" time="2.087" classname="com.course.cases.LoginTest">
    <failure type="java.lang.IllegalStateException" message="Invalid use of SingleClientConnManager: connection still allocated.
Make sure to release the connection before allocating another one.">
      <![CDATA[java.lang.IllegalStateException: Invalid use of SingleClientConnManager: connection still allocated.
Make sure to release the connection before allocating another one.
	at org.apache.http.impl.conn.SingleClientConnManager.getConnection(SingleClientConnManager.java:216)
	at org.apache.http.impl.conn.SingleClientConnManager$1.getConnection(SingleClientConnManager.java:190)
	at org.apache.http.impl.client.DefaultRequestDirector.execute(DefaultRequestDirector.java:401)
	at org.apache.http.impl.client.AbstractHttpClient.execute(AbstractHttpClient.java:820)
	at org.apache.http.impl.client.AbstractHttpClient.execute(AbstractHttpClient.java:754)
	at org.apache.http.impl.client.AbstractHttpClient.execute(AbstractHttpClient.java:732)
	at com.course.cases.LoginTest.getResult(LoginTest.java:74)
	at com.course.cases.LoginTest.loginFalse(LoginTest.java:55)
	at java.util.concurrent.ThreadPoolExecutor.runWorker(Unknown Source)
	at java.util.concurrent.ThreadPoolExecutor$Worker.run(Unknown Source)
	at java.lang.Thread.run(Unknown Source)
... Removed 10 stack frames]]>
    </failure>
  </testcase> <!-- loginFalse -->
  <testcase name="loginTrue" time="2.365" classname="com.course.cases.LoginTest"/>
  <testcase name="addUser" time="1.231" classname="com.course.cases.AddUserTest">
    <failure type="java.lang.IllegalStateException" message="Invalid use of SingleClientConnManager: connection still allocated.
Make sure to release the connection before allocating another one.">
      <![CDATA[java.lang.IllegalStateException: Invalid use of SingleClientConnManager: connection still allocated.
Make sure to release the connection before allocating another one.
	at org.apache.http.impl.conn.SingleClientConnManager.getConnection(SingleClientConnManager.java:216)
	at org.apache.http.impl.conn.SingleClientConnManager$1.getConnection(SingleClientConnManager.java:190)
	at org.apache.http.impl.client.DefaultRequestDirector.execute(DefaultRequestDirector.java:401)
	at org.apache.http.impl.client.AbstractHttpClient.execute(AbstractHttpClient.java:820)
	at org.apache.http.impl.client.AbstractHttpClient.execute(AbstractHttpClient.java:754)
	at org.apache.http.impl.client.AbstractHttpClient.execute(AbstractHttpClient.java:732)
	at com.course.cases.AddUserTest.getResult(AddUserTest.java:62)
	at com.course.cases.AddUserTest.addUser(AddUserTest.java:31)
	at java.util.concurrent.ThreadPoolExecutor.runWorker(Unknown Source)
	at java.util.concurrent.ThreadPoolExecutor$Worker.run(Unknown Source)
	at java.lang.Thread.run(Unknown Source)
... Removed 10 stack frames]]>
    </failure>
  </testcase> <!-- addUser -->
  <testcase name="getUserInfo" time="1.399" classname="com.course.cases.GetUserInfoTest"/>
  <testcase name="getUserListInfo" time="2.41" classname="com.course.cases.GetUserInfoListTest"/>
  <testcase name="updateUserInfo" time="11.832" classname="com.course.cases.UpdateUserInfoTest"/>
  <testcase name="deleteUser" time="11.985" classname="com.course.cases.UpdateUserInfoTest"/>
</testsuite> <!-- 用户管理系统测试用例 -->
