<?xml version="1.0" encoding="UTF-8" ?>
<testsuite tests="7" failures="7" name="TestSuite" time="5.082" errors="0" skipped="0">
  <properties>
[...]
</properties>
  <testcase classname="com.course.cases.LoginTest" name="loginFalse" time="1.821">
    <failure message="Invalid use of SingleClientConnManager: connection still allocated.
Make sure to release the connection before allocating another one." type="java.lang.IllegalStateException">java.lang.IllegalStateException: Invalid use of SingleClientConnManager: connection still allocated.
Make sure to release the connection before allocating another one.
	at org.apache.http.impl.conn.SingleClientConnManager.getConnection(SingleClientConnManager.java:216)
	at org.apache.http.impl.conn.SingleClientConnManager$1.getConnection(SingleClientConnManager.java:190)
	at org.apache.http.impl.client.DefaultRequestDirector.execute(DefaultRequestDirector.java:401)
	at org.apache.http.impl.client.AbstractHttpClient.execute(AbstractHttpClient.java:820)
	at org.apache.http.impl.client.AbstractHttpClient.execute(AbstractHttpClient.java:754)
	at org.apache.http.impl.client.AbstractHttpClient.execute(AbstractHttpClient.java:732)
	at com.course.cases.LoginTest.getResult(LoginTest.java:74)
	at com.course.cases.LoginTest.loginFalse(LoginTest.java:55)
</failure>
    <system-out>@HL
@HL-------------------------------------------------------
@HL T E S T S
@HL-------------------------------------------------------
@SLRunning TestSuite
[TestNGContentHandler] [WARN] It is strongly recommended to add &quot;&lt;!DOCTYPE suite SYSTEM &quot;http://testng.org/testng-1.0.dtd&quot; &gt;&quot; at the top of your file, otherwise TestNG may fail or not work as expected.
LoginCase(id=2, userName=zhangsan, password=111222, expected=登陆失败！)
http://localhost:8889/v1/login
LoginCase(id=1, userName=admin, password=abcd1234, expected=登陆成功！)
http://localhost:8889/v1/login
</system-out>
  </testcase>
  <testcase classname="com.course.cases.GetUserInfoTest" name="getUserInfo" time="0.918">
    <failure message="Invalid use of SingleClientConnManager: connection still allocated.
Make sure to release the connection before allocating another one." type="java.lang.IllegalStateException">java.lang.IllegalStateException: Invalid use of SingleClientConnManager: connection still allocated.
Make sure to release the connection before allocating another one.
	at org.apache.http.impl.conn.SingleClientConnManager.getConnection(SingleClientConnManager.java:216)
	at org.apache.http.impl.conn.SingleClientConnManager$1.getConnection(SingleClientConnManager.java:190)
	at org.apache.http.impl.client.DefaultRequestDirector.execute(DefaultRequestDirector.java:401)
	at org.apache.http.impl.client.AbstractHttpClient.execute(AbstractHttpClient.java:820)
	at org.apache.http.impl.client.AbstractHttpClient.execute(AbstractHttpClient.java:754)
	at org.apache.http.impl.client.AbstractHttpClient.execute(AbstractHttpClient.java:732)
	at com.course.cases.GetUserInfoTest.getJsonResult(GetUserInfoTest.java:57)
	at com.course.cases.GetUserInfoTest.getUserInfo(GetUserInfoTest.java:32)
</failure>
    <system-out>GetUserInfoCase(userId=1, expected=getUserInfo)
http://localhost:8889/v1/getUserInfo
AddUserCase(userName=newUser, password=123456, sex=1, age=18, permission=1, isDelete=0, expected=true, userId=99)
http://localhost:8889/v1/addUser
</system-out>
  </testcase>
  <testcase classname="com.course.cases.UpdateUserInfoTest" name="updateUserInfo" time="0.919">
    <failure message="Invalid use of SingleClientConnManager: connection still allocated.
Make sure to release the connection before allocating another one." type="java.lang.IllegalStateException">java.lang.IllegalStateException: Invalid use of SingleClientConnManager: connection still allocated.
Make sure to release the connection before allocating another one.
	at org.apache.http.impl.conn.SingleClientConnManager.getConnection(SingleClientConnManager.java:216)
	at org.apache.http.impl.conn.SingleClientConnManager$1.getConnection(SingleClientConnManager.java:190)
	at org.apache.http.impl.client.DefaultRequestDirector.execute(DefaultRequestDirector.java:401)
	at org.apache.http.impl.client.AbstractHttpClient.execute(AbstractHttpClient.java:820)
	at org.apache.http.impl.client.AbstractHttpClient.execute(AbstractHttpClient.java:754)
	at org.apache.http.impl.client.AbstractHttpClient.execute(AbstractHttpClient.java:732)
	at com.course.cases.UpdateUserInfoTest.getResult(UpdateUserInfoTest.java:68)
	at com.course.cases.UpdateUserInfoTest.updateUserInfo(UpdateUserInfoTest.java:27)
</failure>
  </testcase>
  <testcase classname="com.course.cases.AddUserTest" name="addUser" time="0.92">
    <failure message="Invalid use of SingleClientConnManager: connection still allocated.
Make sure to release the connection before allocating another one." type="java.lang.IllegalStateException">java.lang.IllegalStateException: Invalid use of SingleClientConnManager: connection still allocated.
Make sure to release the connection before allocating another one.
	at org.apache.http.impl.conn.SingleClientConnManager.getConnection(SingleClientConnManager.java:216)
	at org.apache.http.impl.conn.SingleClientConnManager$1.getConnection(SingleClientConnManager.java:190)
	at org.apache.http.impl.client.DefaultRequestDirector.execute(DefaultRequestDirector.java:401)
	at org.apache.http.impl.client.AbstractHttpClient.execute(AbstractHttpClient.java:820)
	at org.apache.http.impl.client.AbstractHttpClient.execute(AbstractHttpClient.java:754)
	at org.apache.http.impl.client.AbstractHttpClient.execute(AbstractHttpClient.java:732)
	at com.course.cases.AddUserTest.getResult(AddUserTest.java:62)
	at com.course.cases.AddUserTest.addUser(AddUserTest.java:31)
</failure>
  </testcase>
  <testcase classname="com.course.cases.GetUserInfoListTest" name="getUserListInfo" time="0.881">
    <failure message="Invalid use of SingleClientConnManager: connection still allocated.
Make sure to release the connection before allocating another one." type="java.lang.IllegalStateException">java.lang.IllegalStateException: Invalid use of SingleClientConnManager: connection still allocated.
Make sure to release the connection before allocating another one.
	at org.apache.http.impl.conn.SingleClientConnManager.getConnection(SingleClientConnManager.java:216)
	at org.apache.http.impl.conn.SingleClientConnManager$1.getConnection(SingleClientConnManager.java:190)
	at org.apache.http.impl.client.DefaultRequestDirector.execute(DefaultRequestDirector.java:401)
	at org.apache.http.impl.client.AbstractHttpClient.execute(AbstractHttpClient.java:820)
	at org.apache.http.impl.client.AbstractHttpClient.execute(AbstractHttpClient.java:754)
	at org.apache.http.impl.client.AbstractHttpClient.execute(AbstractHttpClient.java:732)
	at com.course.cases.GetUserInfoListTest.getJsonResult(GetUserInfoListTest.java:63)
	at com.course.cases.GetUserInfoListTest.getUserListInfo(GetUserInfoListTest.java:30)
</failure>
    <system-out>UpdateUserInfoCase(id=2, userId=7, userName=, sex=null, age=null, permission=null, isDelete=1, expected=getUpdateUserInfo)
http://localhost:8889/v1/updateUserInfo
GetUserListCase(userName=zhangsan, age=19, sex=0, expected=getUserList)
http://localhost:8889/v1/getUserInfo
</system-out>
  </testcase>
  <testcase classname="com.course.cases.UpdateUserInfoTest" name="deleteUser" time="0.881">
    <failure message="Invalid use of SingleClientConnManager: connection still allocated.
Make sure to release the connection before allocating another one." type="java.lang.IllegalStateException">java.lang.IllegalStateException: Invalid use of SingleClientConnManager: connection still allocated.
Make sure to release the connection before allocating another one.
	at org.apache.http.impl.conn.SingleClientConnManager.getConnection(SingleClientConnManager.java:216)
	at org.apache.http.impl.conn.SingleClientConnManager$1.getConnection(SingleClientConnManager.java:190)
	at org.apache.http.impl.client.DefaultRequestDirector.execute(DefaultRequestDirector.java:401)
	at org.apache.http.impl.client.AbstractHttpClient.execute(AbstractHttpClient.java:820)
	at org.apache.http.impl.client.AbstractHttpClient.execute(AbstractHttpClient.java:754)
	at org.apache.http.impl.client.AbstractHttpClient.execute(AbstractHttpClient.java:732)
	at com.course.cases.UpdateUserInfoTest.getResult(UpdateUserInfoTest.java:68)
	at com.course.cases.UpdateUserInfoTest.deleteUser(UpdateUserInfoTest.java:44)
</failure>
  </testcase>
  <testcase classname="com.course.cases.LoginTest" name="loginTrue" time="1.083">
    <failure message="Connection to http://localhost:8889 refused" type="org.apache.http.conn.HttpHostConnectException">org.apache.http.conn.HttpHostConnectException: Connection to http://localhost:8889 refused
	at org.apache.http.impl.conn.DefaultClientConnectionOperator.openConnection(DefaultClientConnectionOperator.java:158)
	at org.apache.http.impl.conn.AbstractPoolEntry.open(AbstractPoolEntry.java:149)
	at org.apache.http.impl.conn.AbstractPooledConnAdapter.open(AbstractPooledConnAdapter.java:121)
	at org.apache.http.impl.client.DefaultRequestDirector.tryConnect(DefaultRequestDirector.java:573)
	at org.apache.http.impl.client.DefaultRequestDirector.execute(DefaultRequestDirector.java:425)
	at org.apache.http.impl.client.AbstractHttpClient.execute(AbstractHttpClient.java:820)
	at org.apache.http.impl.client.AbstractHttpClient.execute(AbstractHttpClient.java:754)
	at org.apache.http.impl.client.AbstractHttpClient.execute(AbstractHttpClient.java:732)
	at com.course.cases.LoginTest.getResult(LoginTest.java:74)
	at com.course.cases.LoginTest.loginTrue(LoginTest.java:41)
Caused by: java.net.ConnectException: Connection refused: connect
	at java.net.DualStackPlainSocketImpl.connect0(Native Method)
	at java.net.DualStackPlainSocketImpl.socketConnect(Unknown Source)
	at java.net.AbstractPlainSocketImpl.doConnect(Unknown Source)
	at java.net.AbstractPlainSocketImpl.connectToAddress(Unknown Source)
	at java.net.AbstractPlainSocketImpl.connect(Unknown Source)
	at java.net.PlainSocketImpl.connect(Unknown Source)
	at java.net.SocksSocketImpl.connect(Unknown Source)
	at java.net.Socket.connect(Unknown Source)
	at org.apache.http.conn.scheme.PlainSocketFactory.connectSocket(PlainSocketFactory.java:123)
	at org.apache.http.impl.conn.DefaultClientConnectionOperator.openConnection(DefaultClientConnectionOperator.java:148)
	... 22 more
</failure>
  </testcase>
</testsuite>