<?xml version="1.0" encoding="UTF-8"?>
<testng-results skipped="0" failed="0" ignored="0" total="2" passed="2">
  <reporter-output>
  </reporter-output>
  <suite name="Default suite" duration-ms="690" started-at="2018-12-05T09:05:43Z" finished-at="2018-12-05T09:05:44Z">
    <groups>
    </groups>
    <test name="Default test" duration-ms="690" started-at="2018-12-05T09:05:43Z" finished-at="2018-12-05T09:05:44Z">
      <class name="org.cookies.MyCookiesForGet">
        <test-method status="PASS" signature="beforeTest()[pri:0, instance:org.cookies.MyCookiesForGet@8bd1b6a]" name="beforeTest" is-config="true" duration-ms="18" started-at="2018-12-05T09:05:43Z" finished-at="2018-12-05T09:05:43Z">
          <reporter-output>
          </reporter-output>
        </test-method> <!-- beforeTest -->
        <test-method status="PASS" signature="testGetCookies()[pri:0, instance:org.cookies.MyCookiesForGet@8bd1b6a]" name="testGetCookies" duration-ms="642" started-at="2018-12-05T09:05:43Z" finished-at="2018-12-05T09:05:44Z">
          <reporter-output>
          </reporter-output>
        </test-method> <!-- testGetCookies -->
        <test-method status="PASS" signature="testGetWithCookies()[pri:0, instance:org.cookies.MyCookiesForGet@8bd1b6a]" name="testGetWithCookies" duration-ms="2" started-at="2018-12-05T09:05:44Z" depends-on-methods="org.cookies.MyCookiesForGet.testGetCookies" finished-at="2018-12-05T09:05:44Z">
          <reporter-output>
          </reporter-output>
        </test-method> <!-- testGetWithCookies -->
      </class> <!-- org.cookies.MyCookiesForGet -->
    </test> <!-- Default test -->
  </suite> <!-- Default suite -->
</testng-results>
