<?xml version="1.0" encoding="UTF-8"?>
<!-- Generated by org.testng.reporters.JUnitXMLReporter -->
<testsuite hostname="DESKTOP-1J0QRU3" ignored="1" name="Default test" tests="5" failures="0" timestamp="23 十一月 2018 08:12:28 GMT" time="0.096" errors="0">
  <testcase name="testCase2" time="0.007" classname="com.interface_autotest.autotest.BasicAnnotation"/>
  <testcase name="testCase3" time="0.004" classname="com.interface_autotest.autotest.BasicAnnotation"/>
  <testcase name="testCase4" time="0.002" classname="com.interface_autotest.autotest.BasicAnnotation"/>
  <testcase name="testCase5" time="0.002" classname="com.interface_autotest.autotest.BasicAnnotation"/>
  <testcase name="testCase6" time="0.004" classname="com.interface_autotest.autotest.BasicAnnotation"/>
  <testcase name="testCase1" time="0.0" classname="com.interface_autotest.autotest.BasicAnnotation">
    <ignored/>
  </testcase> <!-- testCase1 -->
</testsuite> <!-- Default test -->
