<?xml version="1.0" encoding="UTF-8"?>
<!-- Generated by org.testng.reporters.JUnitXMLReporter -->
<testsuite hostname="SC-201705192054" ignored="0" name="Default test" tests="6" failures="0" timestamp="27 十一月 2018 13:42:34 GMT" time="0.055" errors="0">
  <testcase name="Test1" time="0.009" classname="com.interface_autotest.autotest.parameter.DataProviderTest"/>
  <testcase name="Test1" time="0.001" classname="com.interface_autotest.autotest.parameter.DataProviderTest"/>
  <testcase name="Test1" time="0.001" classname="com.interface_autotest.autotest.parameter.DataProviderTest"/>
  <testcase name="Test2" time="0.0" classname="com.interface_autotest.autotest.parameter.DataProviderTest"/>
  <testcase name="Test2" time="0.001" classname="com.interface_autotest.autotest.parameter.DataProviderTest"/>
  <testcase name="paramTest1" time="0.0" classname="com.interface_autotest.autotest.parameter.DataProviderTest"/>
</testsuite> <!-- Default test -->
