<?xml version="1.0" encoding="UTF-8"?>
<!-- Generated by org.testng.reporters.JUnitXMLReporter -->
<testsuite hostname="DESKTOP-1J0QRU3" ignored="0" name="demo2" tests="2" failures="0" timestamp="28 十一月 2018 02:37:27 GMT" time="0.077" errors="0">
  <testcase name="test1" time="0.018" classname="com.interface_autotest.autotest.multiThread.MultiThreadOnXml"/>
  <testcase name="test2" time="0.004" classname="com.interface_autotest.autotest.multiThread.MultiThreadOnXml"/>
</testsuite> <!-- demo2 -->
