<?xml version="1.0" encoding="UTF-8"?>
<testng-results skipped="0" failed="0" ignored="0" total="1" passed="1">
  <reporter-output>
  </reporter-output>
  <suite name="Default suite" duration-ms="1074" started-at="2018-12-04T03:42:44Z" finished-at="2018-12-04T03:42:45Z">
    <groups>
    </groups>
    <test name="Default test" duration-ms="1074" started-at="2018-12-04T03:42:44Z" finished-at="2018-12-04T03:42:45Z">
      <class name="org.httpclient.MyHttpClient">
        <test-method status="PASS" signature="test1()[pri:0, instance:org.httpclient.MyHttpClient@1b604f19]" name="test1" duration-ms="1028" started-at="2018-12-04T03:42:44Z" finished-at="2018-12-04T03:42:45Z">
          <reporter-output>
          </reporter-output>
        </test-method> <!-- test1 -->
      </class> <!-- org.httpclient.MyHttpClient -->
    </test> <!-- Default test -->
  </suite> <!-- Default suite -->
</testng-results>
